<?xml version="1.0" encoding="utf-8"?><testsuites name="pytest tests"><testsuite name="pytest" errors="0" failures="0" skipped="0" tests="27" time="4.559" timestamp="2026-03-09T17:50:28.763949+00:00" hostname="agent-env-6ae45a30-e8a7-45b2-8e09-e6be5462e575"><testcase classname="backend.tests.test_signup_flows.TestUsernameCheck" name="test_check_username_valid_available" time="0.310" /><testcase classname="backend.tests.test_signup_flows.TestUsernameCheck" name="test_check_username_too_short" time="0.057" /><testcase classname="backend.tests.test_signup_flows.TestUsernameCheck" name="test_check_username_single_char" time="0.058" /><testcase classname="backend.tests.test_signup_flows.TestUsernameCheck" name="test_check_username_existing_taken" time="0.056" /><testcase classname="backend.tests.test_signup_flows.TestUsernameCheck" name="test_check_username_with_at_prefix" time="0.056" /><testcase classname="backend.tests.test_signup_flows.TestRegisterChild" name="test_register_child_success" time="0.287" /><testcase classname="backend.tests.test_signup_flows.TestRegisterChild" name="test_register_child_age_group_8_10" time="0.277" /><testcase classname="backend.tests.test_signup_flows.TestRegisterChild" name="test_register_child_age_group_11_13" time="0.285" /><testcase classname="backend.tests.test_signup_flows.TestRegisterChild" name="test_register_child_rejects_age_14_plus" time="0.076" /><testcase classname="backend.tests.test_signup_flows.TestRegisterChild" name="test_register_child_rejects_short_password" time="0.055" /><testcase classname="backend.tests.test_signup_flows.TestRegisterChild" name="test_register_child_rejects_duplicate_email" time="0.065" /><testcase classname="backend.tests.test_signup_flows.TestRegisterSelf" name="test_register_self_success" time="0.275" /><testcase classname="backend.tests.test_signup_flows.TestRegisterSelf" name="test_register_self_age_group_14_16" time="0.280" /><testcase classname="backend.tests.test_signup_flows.TestRegisterSelf" name="test_register_self_age_group_17_20" time="0.285" /><testcase classname="backend.tests.test_signup_flows.TestRegisterSelf" name="test_register_self_rejects_age_under_14" time="0.053" /><testcase classname="backend.tests.test_signup_flows.TestRegisterSelf" name="test_register_self_rejects_duplicate_username" time="0.059" /><testcase classname="backend.tests.test_signup_flows.TestRegisterSelf" name="test_register_self_rejects_duplicate_email" time="0.052" /><testcase classname="backend.tests.test_signup_flows.TestRegisterSelf" name="test_register_self_rejects_invalid_username_format" time="0.061" /><testcase classname="backend.tests.test_signup_flows.TestRegisterSelf" name="test_register_self_rejects_short_password" time="0.054" /><testcase classname="backend.tests.test_signup_flows.TestUserByInvite" name="test_lookup_by_username" time="0.052" /><testcase classname="backend.tests.test_signup_flows.TestUserByInvite" name="test_lookup_by_invite_code" time="0.348" /><testcase classname="backend.tests.test_signup_flows.TestUserByInvite" name="test_lookup_nonexistent_user" time="0.071" /><testcase classname="backend.tests.test_signup_flows.TestLogin" name="test_login_existing_user" time="0.277" /><testcase classname="backend.tests.test_signup_flows.TestLogin" name="test_login_invalid_credentials" time="0.293" /><testcase classname="backend.tests.test_signup_flows.TestLogin" name="test_login_nonexistent_user" time="0.057" /><testcase classname="backend.tests.test_signup_flows.TestProfileUpdate" name="test_update_avatar_url" time="0.469" /><testcase classname="backend.tests.test_signup_flows.TestProfileUpdate" name="test_update_username_rejects_taken" time="0.199" /></testsuite></testsuites>