<?xml version="1.0" encoding="utf-8"?><testsuites name="pytest tests"><testsuite name="pytest" errors="0" failures="0" skipped="0" tests="21" time="4.000" timestamp="2026-03-10T01:59:50.842727+00:00" hostname="agent-env-6ae45a30-e8a7-45b2-8e09-e6be5462e575"><testcase classname="backend.tests.test_friends_social.TestFriendsSearch" name="test_search_requires_auth" time="0.254" /><testcase classname="backend.tests.test_friends_social.TestFriendsSearch" name="test_search_returns_users" time="0.504" /><testcase classname="backend.tests.test_friends_social.TestFriendsSearch" name="test_search_excludes_child_accounts" time="0.447" /><testcase classname="backend.tests.test_friends_social.TestFriendRequests" name="test_get_requests_requires_auth" time="0.138" /><testcase classname="backend.tests.test_friends_social.TestFriendRequests" name="test_get_requests_returns_list" time="0.134" /><testcase classname="backend.tests.test_friends_social.TestFriendsList" name="test_get_friends_requires_auth" time="0.119" /><testcase classname="backend.tests.test_friends_social.TestFriendsList" name="test_get_friends_returns_list" time="0.124" /><testcase classname="backend.tests.test_friends_social.TestLeaderboard" name="test_leaderboard_requires_auth" time="0.166" /><testcase classname="backend.tests.test_friends_social.TestLeaderboard" name="test_leaderboard_includes_self" time="0.131" /><testcase classname="backend.tests.test_friends_social.TestLeaderboard" name="test_leaderboard_sorted_by_score" time="0.116" /><testcase classname="backend.tests.test_friends_social.TestInviteLinks" name="test_get_my_link_requires_auth" time="0.145" /><testcase classname="backend.tests.test_friends_social.TestInviteLinks" name="test_get_my_link_returns_url" time="0.109" /><testcase classname="backend.tests.test_friends_social.TestInviteLinks" name="test_lookup_invite_by_username" time="0.115" /><testcase classname="backend.tests.test_friends_social.TestInviteLinks" name="test_lookup_invite_nonexistent" time="0.111" /><testcase classname="backend.tests.test_friends_social.TestInviteConnect" name="test_connect_requires_auth" time="0.134" /><testcase classname="backend.tests.test_friends_social.TestInviteConnect" name="test_connect_with_inviter" time="0.470" /><testcase classname="backend.tests.test_friends_social.TestBlockUser" name="test_block_requires_auth" time="0.104" /><testcase classname="backend.tests.test_friends_social.TestBlockUser" name="test_block_nonexistent_user" time="0.134" /><testcase classname="backend.tests.test_friends_social.TestKnowledgeScoreCalculation" name="test_calculate_all_scores" time="0.141" /><testcase classname="backend.tests.test_friends_social.TestKnowledgeScoreCalculation" name="test_profile_stats_knowledge_score" time="0.188" /><testcase classname="backend.tests.test_friends_social.TestEndToEndFriendFlow" name="test_friends_already_connected" time="0.123" /></testsuite></testsuites>