<?xml version="1.0" encoding="utf-8"?><testsuites name="pytest tests"><testsuite name="pytest" errors="0" failures="0" skipped="0" tests="19" time="12.975" timestamp="2026-03-10T02:11:44.350493+00:00" hostname="agent-env-6ae45a30-e8a7-45b2-8e09-e6be5462e575"><testcase classname="backend.tests.test_child_privacy_rules.TestChildPrivacyRules" name="test_privacy_rule_1_child_not_in_search_results" time="1.200" /><testcase classname="backend.tests.test_child_privacy_rules.TestChildPrivacyRules" name="test_search_returns_normal_accounts" time="0.764" /><testcase classname="backend.tests.test_child_privacy_rules.TestChildPrivacyRules" name="test_privacy_rule_2_direct_friend_request_to_child_returns_403" time="0.999" /><testcase classname="backend.tests.test_child_privacy_rules.TestChildPrivacyRules" name="test_privacy_rule_3_child_can_connect_via_invite_link" time="1.402" /><testcase classname="backend.tests.test_child_privacy_rules.TestChildPrivacyRules" name="test_privacy_rule_4_child_connect_triggers_parent_notification" time="1.349" /><testcase classname="backend.tests.test_child_privacy_rules.TestChildPrivacyRules" name="test_privacy_rule_5_child_inviter_triggers_parent_notification" time="1.494" /><testcase classname="backend.tests.test_child_privacy_rules.TestRegistrationAccountTypes" name="test_register_child_creates_child_account_type" time="0.359" /><testcase classname="backend.tests.test_child_privacy_rules.TestRegistrationAccountTypes" name="test_register_self_creates_self_account_type" time="0.378" /><testcase classname="backend.tests.test_child_privacy_rules.TestExistingSocialFeaturesRegression" name="test_friends_search_requires_auth" time="0.412" /><testcase classname="backend.tests.test_child_privacy_rules.TestExistingSocialFeaturesRegression" name="test_friends_request_requires_auth" time="0.430" /><testcase classname="backend.tests.test_child_privacy_rules.TestExistingSocialFeaturesRegression" name="test_friends_accept_requires_auth" time="0.500" /><testcase classname="backend.tests.test_child_privacy_rules.TestExistingSocialFeaturesRegression" name="test_friends_list_requires_auth" time="0.406" /><testcase classname="backend.tests.test_child_privacy_rules.TestExistingSocialFeaturesRegression" name="test_friends_leaderboard_requires_auth" time="0.448" /><testcase classname="backend.tests.test_child_privacy_rules.TestExistingSocialFeaturesRegression" name="test_invite_my_link_requires_auth" time="0.448" /><testcase classname="backend.tests.test_child_privacy_rules.TestExistingSocialFeaturesRegression" name="test_invite_lookup_works" time="0.419" /><testcase classname="backend.tests.test_child_privacy_rules.TestExistingSocialFeaturesRegression" name="test_invite_lookup_404_for_nonexistent" time="0.519" /><testcase classname="backend.tests.test_child_privacy_rules.TestExistingSocialFeaturesRegression" name="test_friends_list_works_authenticated" time="0.430" /><testcase classname="backend.tests.test_child_privacy_rules.TestExistingSocialFeaturesRegression" name="test_friends_leaderboard_works_authenticated" time="0.477" /><testcase classname="backend.tests.test_child_privacy_rules.TestExistingSocialFeaturesRegression" name="test_invite_my_link_works_authenticated" time="0.440" /></testsuite></testsuites>