<?xml version="1.0" encoding="utf-8"?><testsuites name="pytest tests"><testsuite name="pytest" errors="0" failures="0" skipped="0" tests="14" time="8.295" timestamp="2026-03-10T01:36:49.775032+00:00" hostname="agent-env-6ae45a30-e8a7-45b2-8e09-e6be5462e575"><testcase classname="backend.tests.test_profile_stats.TestProfileStatsAPI" name="test_profile_stats_returns_all_fields" time="0.573" /><testcase classname="backend.tests.test_profile_stats.TestProfileStatsAPI" name="test_profile_stats_rank_labels" time="0.500" /><testcase classname="backend.tests.test_profile_stats.TestProfileStatsAPI" name="test_profile_stats_member_since_format" time="0.641" /><testcase classname="backend.tests.test_profile_stats.TestProfileStatsAPI" name="test_profile_stats_requires_auth" time="0.510" /><testcase classname="backend.tests.test_profile_stats.TestStreakAPI" name="test_streak_read_returns_streak_data" time="0.484" /><testcase classname="backend.tests.test_profile_stats.TestStreakAPI" name="test_streak_read_idempotent_same_day" time="0.567" /><testcase classname="backend.tests.test_profile_stats.TestStreakAPI" name="test_streak_read_increments_stories_count" time="0.790" /><testcase classname="backend.tests.test_profile_stats.TestReactionsAPI" name="test_add_reaction" time="0.564" /><testcase classname="backend.tests.test_profile_stats.TestReactionsAPI" name="test_toggle_reaction_off" time="0.725" /><testcase classname="backend.tests.test_profile_stats.TestReactionsAPI" name="test_reaction_updates_user_count" time="0.584" /><testcase classname="backend.tests.test_profile_stats.TestReactionsAPI" name="test_invalid_reaction_rejected" time="0.573" /><testcase classname="backend.tests.test_profile_stats.TestReactionsAPI" name="test_valid_reactions" time="1.094" /><testcase classname="backend.tests.test_profile_stats.TestKnowledgeScoreCalculation" name="test_knowledge_score_formula" time="0.444" /><testcase classname="backend.tests.test_profile_stats.TestCountriesAPI" name="test_countries_list" time="0.120" /></testsuite></testsuites>