<?xml version="1.0" encoding="utf-8"?><testsuites name="pytest tests"><testsuite name="pytest" errors="0" failures="0" skipped="0" tests="40" time="41.936" timestamp="2026-03-09T17:26:33.209647+00:00" hostname="agent-env-6ae45a30-e8a7-45b2-8e09-e6be5462e575"><testcase classname="backend.tests.test_country_expansion.TestCountriesAPI" name="test_countries_returns_20_countries" time="8.088" /><testcase classname="backend.tests.test_country_expansion.TestCountriesAPI" name="test_countries_have_required_fields" time="6.194" /><testcase classname="backend.tests.test_country_expansion.TestCountriesAPI" name="test_countries_have_flag_emojis" time="9.138" /><testcase classname="backend.tests.test_country_expansion.TestCountriesAPI" name="test_countries_have_city_tiers" time="9.394" /><testcase classname="backend.tests.test_country_expansion.TestIndiaCountrySources" name="test_india_returns_200" time="6.216" /><testcase classname="backend.tests.test_country_expansion.TestIndiaCountrySources" name="test_india_has_10_sources" time="0.113" /><testcase classname="backend.tests.test_country_expansion.TestIndiaCountrySources" name="test_india_has_5_tier1_cities" time="0.074" /><testcase classname="backend.tests.test_country_expansion.TestIndiaCountrySources" name="test_india_has_5_tier2_cities" time="0.069" /><testcase classname="backend.tests.test_country_expansion.TestPakistanCountrySources" name="test_pakistan_primary_language_urdu" time="0.060" /><testcase classname="backend.tests.test_country_expansion.TestPakistanCountrySources" name="test_pakistan_has_urdu_sources" time="0.053" /><testcase classname="backend.tests.test_country_expansion.TestBangladeshCountrySources" name="test_bangladesh_primary_language_bangla" time="0.071" /><testcase classname="backend.tests.test_country_expansion.TestBangladeshCountrySources" name="test_bangladesh_has_bangla_sources" time="0.057" /><testcase classname="backend.tests.test_country_expansion.TestCrawlEndpoint" name="test_crawl_us_returns_success" time="0.057" /><testcase classname="backend.tests.test_country_expansion.TestArticlesAPI" name="test_articles_return_source_country" time="0.057" /><testcase classname="backend.tests.test_country_expansion.TestArticlesAPI" name="test_articles_return_source_language" time="0.067" /><testcase classname="backend.tests.test_country_expansion.TestArticlesAPI" name="test_articles_return_low_confidence_flag" time="0.076" /><testcase classname="backend.tests.test_country_expansion.TestArticleDetailAPI" name="test_article_detail_has_new_fields" time="0.122" /><testcase classname="backend.tests.test_country_expansion.TestArticlesCountryFiltering" name="test_authenticated_articles_filtered_by_country" time="0.422" /><testcase classname="backend.tests.test_country_expansion.TestUserCountryUpdate" name="test_update_user_country" time="0.133" /><testcase classname="backend.tests.test_country_expansion.TestStatsAPI" name="test_stats_returns_countries_count" time="0.070" /><testcase classname="backend.tests.test_country_expansion.TestAllCountrySources" name="test_country_exists_and_has_10_sources[US]" time="0.095" /><testcase classname="backend.tests.test_country_expansion.TestAllCountrySources" name="test_country_exists_and_has_10_sources[GB]" time="0.061" /><testcase classname="backend.tests.test_country_expansion.TestAllCountrySources" name="test_country_exists_and_has_10_sources[IN]" time="0.061" /><testcase classname="backend.tests.test_country_expansion.TestAllCountrySources" name="test_country_exists_and_has_10_sources[CA]" time="0.073" /><testcase classname="backend.tests.test_country_expansion.TestAllCountrySources" name="test_country_exists_and_has_10_sources[AU]" time="0.062" /><testcase classname="backend.tests.test_country_expansion.TestAllCountrySources" name="test_country_exists_and_has_10_sources[PK]" time="0.075" /><testcase classname="backend.tests.test_country_expansion.TestAllCountrySources" name="test_country_exists_and_has_10_sources[BD]" time="0.059" /><testcase classname="backend.tests.test_country_expansion.TestAllCountrySources" name="test_country_exists_and_has_10_sources[NG]" time="0.064" /><testcase classname="backend.tests.test_country_expansion.TestAllCountrySources" name="test_country_exists_and_has_10_sources[ZA]" time="0.059" /><testcase classname="backend.tests.test_country_expansion.TestAllCountrySources" name="test_country_exists_and_has_10_sources[DE]" time="0.073" /><testcase classname="backend.tests.test_country_expansion.TestAllCountrySources" name="test_country_exists_and_has_10_sources[FR]" time="0.059" /><testcase classname="backend.tests.test_country_expansion.TestAllCountrySources" name="test_country_exists_and_has_10_sources[JP]" time="0.053" /><testcase classname="backend.tests.test_country_expansion.TestAllCountrySources" name="test_country_exists_and_has_10_sources[BR]" time="0.066" /><testcase classname="backend.tests.test_country_expansion.TestAllCountrySources" name="test_country_exists_and_has_10_sources[MX]" time="0.061" /><testcase classname="backend.tests.test_country_expansion.TestAllCountrySources" name="test_country_exists_and_has_10_sources[KE]" time="0.053" /><testcase classname="backend.tests.test_country_expansion.TestAllCountrySources" name="test_country_exists_and_has_10_sources[EG]" time="0.057" /><testcase classname="backend.tests.test_country_expansion.TestAllCountrySources" name="test_country_exists_and_has_10_sources[AE]" time="0.065" /><testcase classname="backend.tests.test_country_expansion.TestAllCountrySources" name="test_country_exists_and_has_10_sources[ID]" time="0.064" /><testcase classname="backend.tests.test_country_expansion.TestAllCountrySources" name="test_country_exists_and_has_10_sources[PH]" time="0.054" /><testcase classname="backend.tests.test_country_expansion.TestAllCountrySources" name="test_country_exists_and_has_10_sources[KR]" time="0.052" /></testsuite></testsuites>